[0m21:35:41.276466 [debug] [MainThread]: Sending event: {'category': 'dbt', 'action': 'invocation', 'label': 'start', 'context': [<snowplow_tracker.self_describing_json.SelfDescribingJson object at 0x7f9f89e77670>, <snowplow_tracker.self_describing_json.SelfDescribingJson object at 0x7f9f8ae95d60>, <snowplow_tracker.self_describing_json.SelfDescribingJson object at 0x7f9f8ae95460>]}


============================== 21:35:41.281240 | 983aea3b-45bd-45df-aaa2-62cf9f7ba14f ==============================
[0m21:35:41.281240 [info ] [MainThread]: Running with dbt=1.10.20
[0m21:35:41.281799 [debug] [MainThread]: running dbt with arguments {'static_parser': 'True', 'log_cache_events': 'False', 'version_check': 'True', 'debug': 'False', 'use_experimental_parser': 'False', 'invocation_command': 'dbt init retail_analytics', 'send_anonymous_usage_stats': 'True', 'quiet': 'False', 'log_path': 'logs', 'fail_fast': 'False', 'printer_width': '80', 'use_colors': 'True', 'partial_parse': 'True', 'warn_error_options': 'WarnErrorOptionsV2(error=[], warn=[], silence=[])', 'no_print': 'None', 'warn_error': 'None', 'empty': 'None', 'profiles_dir': '/Users/devrajtikam/.dbt', 'indirect_selection': 'eager', 'target_path': 'None', 'log_format': 'default', 'introspect': 'True', 'cache_selected_only': 'False', 'write_json': 'True'}
[0m21:35:41.294423 [info ] [MainThread]: Creating dbt configuration folder at /Users/devrajtikam/.dbt
[0m21:35:41.296387 [debug] [MainThread]: Starter project path: /Users/devrajtikam/opt/anaconda3/lib/python3.9/site-packages/dbt/include/starter_project
[0m21:35:41.303076 [info ] [MainThread]: 
Your new dbt project "retail_analytics" was created!

For more information on how to configure the profiles.yml file,
please consult the dbt documentation here:

  https://docs.getdbt.com/docs/configure-your-profile

One more thing:

Need help? Don't hesitate to reach out to us via GitHub issues or on Slack:

  https://community.getdbt.com/

Happy modeling!

[0m21:35:41.303502 [info ] [MainThread]: Setting up your profile.
[0m21:39:30.014255 [error] [MainThread]: Encountered an error:

[0m21:39:30.046251 [error] [MainThread]: Traceback (most recent call last):
  File "/Users/devrajtikam/opt/anaconda3/lib/python3.9/site-packages/dbt/cli/requires.py", line 178, in wrapper
    result, success = func(*args, **kwargs)
  File "/Users/devrajtikam/opt/anaconda3/lib/python3.9/site-packages/dbt/cli/requires.py", line 128, in wrapper
    return func(*args, **kwargs)
  File "/Users/devrajtikam/opt/anaconda3/lib/python3.9/site-packages/dbt/cli/main.py", line 483, in init
    results = task.run()
  File "/Users/devrajtikam/opt/anaconda3/lib/python3.9/site-packages/dbt/task/init.py", line 346, in run
    self.setup_profile(profile_name)
  File "/Users/devrajtikam/opt/anaconda3/lib/python3.9/site-packages/dbt/task/init.py", line 262, in setup_profile
    self.create_profile_from_target(adapter, profile_name=profile_name)
  File "/Users/devrajtikam/opt/anaconda3/lib/python3.9/site-packages/dbt/task/init.py", line 179, in create_profile_from_target
    self.create_profile_from_profile_template(profile_template, profile_name)
  File "/Users/devrajtikam/opt/anaconda3/lib/python3.9/site-packages/dbt/task/init.py", line 163, in create_profile_from_profile_template
    target = self.generate_target_from_input(prompts, initial_target)
  File "/Users/devrajtikam/opt/anaconda3/lib/python3.9/site-packages/dbt/task/init.py", line 129, in generate_target_from_input
    target[key] = click.prompt(
  File "/Users/devrajtikam/opt/anaconda3/lib/python3.9/site-packages/click/termui.py", line 168, in prompt
    value = prompt_func(prompt)
  File "/Users/devrajtikam/opt/anaconda3/lib/python3.9/site-packages/click/termui.py", line 150, in prompt_func
    raise Abort() from None
click.exceptions.Abort

[0m21:39:30.230057 [debug] [MainThread]: Resource report: {"command_name": "init", "command_success": false, "command_wall_clock_time": 229.33794, "process_in_blocks": "0", "process_kernel_time": 0.239189, "process_mem_max_rss": "93323264", "process_out_blocks": "0", "process_user_time": 1.063329}
[0m21:39:30.233932 [debug] [MainThread]: Command `dbt init` failed at 21:39:30.233613 after 229.35 seconds
[0m21:39:30.236381 [debug] [MainThread]: Sending event: {'category': 'dbt', 'action': 'invocation', 'label': 'end', 'context': [<snowplow_tracker.self_describing_json.SelfDescribingJson object at 0x7f9f89e77670>, <snowplow_tracker.self_describing_json.SelfDescribingJson object at 0x7f9f782d5f40>, <snowplow_tracker.self_describing_json.SelfDescribingJson object at 0x7f9f8af56a30>]}
[0m21:39:30.238070 [debug] [MainThread]: Flushing usage events
[0m21:39:30.944494 [debug] [MainThread]: An error was encountered while trying to flush usage events
[0m21:39:38.323944 [debug] [MainThread]: Sending event: {'category': 'dbt', 'action': 'invocation', 'label': 'start', 'context': [<snowplow_tracker.self_describing_json.SelfDescribingJson object at 0x7f7989b57610>, <snowplow_tracker.self_describing_json.SelfDescribingJson object at 0x7f79783f5f70>, <snowplow_tracker.self_describing_json.SelfDescribingJson object at 0x7f79783f5430>]}


============================== 21:39:38.328613 | d29f5bbc-0910-41f3-aab8-8158fdef38f5 ==============================
[0m21:39:38.328613 [info ] [MainThread]: Running with dbt=1.10.20
[0m21:39:38.329175 [debug] [MainThread]: running dbt with arguments {'log_format': 'default', 'debug': 'False', 'version_check': 'True', 'introspect': 'True', 'warn_error_options': 'WarnErrorOptionsV2(error=[], warn=[], silence=[])', 'fail_fast': 'False', 'log_path': 'logs', 'warn_error': 'None', 'send_anonymous_usage_stats': 'True', 'static_parser': 'True', 'indirect_selection': 'eager', 'use_experimental_parser': 'False', 'use_colors': 'True', 'write_json': 'True', 'profiles_dir': '/Users/devrajtikam/.dbt', 'cache_selected_only': 'False', 'target_path': 'None', 'invocation_command': 'dbt init retail_analytics', 'log_cache_events': 'False', 'printer_width': '80', 'no_print': 'None', 'quiet': 'False', 'partial_parse': 'True', 'empty': 'None'}
[0m21:39:38.340481 [info ] [MainThread]: A project called retail_analytics already exists here.
[0m21:39:38.343036 [debug] [MainThread]: Resource report: {"command_name": "init", "command_success": true, "command_wall_clock_time": 0.11497675, "process_in_blocks": "0", "process_kernel_time": 0.195656, "process_mem_max_rss": "96747520", "process_out_blocks": "0", "process_user_time": 1.008636}
[0m21:39:38.343788 [debug] [MainThread]: Command `dbt init` succeeded at 21:39:38.343545 after 0.12 seconds
[0m21:39:38.344145 [debug] [MainThread]: Sending event: {'category': 'dbt', 'action': 'invocation', 'label': 'end', 'context': [<snowplow_tracker.self_describing_json.SelfDescribingJson object at 0x7f7989b57610>, <snowplow_tracker.self_describing_json.SelfDescribingJson object at 0x7f798a88cc10>, <snowplow_tracker.self_describing_json.SelfDescribingJson object at 0x7f798a85bca0>]}
[0m21:39:38.344481 [debug] [MainThread]: Flushing usage events
[0m21:39:38.543349 [debug] [MainThread]: An error was encountered while trying to flush usage events
